<?xml version="1.0" encoding="UTF-8"?>
<!-- Generated by org.testng.reporters.JUnitXMLReporter -->
<testsuite hostname="LAPTOP-COQHVDGR" ignored="0" name="Default test" tests="3" failures="0" timestamp="14 Jun 2021 06:34:52 GMT" time="100.05" errors="0">
  <testcase name="verifyColourOfProducts" time="10.364" classname="com.bees.tests.TinCupTest"/>
  <testcase name="verifySelectingQuantityByInsertVal" time="10.508" classname="com.bees.tests.TinCupTest"/>
  <testcase name="verifySelectingQuantityByIncButton" time="7.096" classname="com.bees.tests.TinCupTest"/>
</testsuite> <!-- Default test -->
