<?xml version="1.0" encoding="UTF-8"?>
<!-- Generated by org.testng.reporters.JUnitXMLReporter -->
<testsuite hostname="LAPTOP-COQHVDGR" ignored="0" name="Default test" tests="6" failures="0" timestamp="09 Jun 2021 15:21:32 GMT" time="154.668" errors="0">
  <testcase name="verifySortProductByPrices" time="7.256" classname="com.bees.tests.CoffeeAndTeaTest"/>
  <testcase name="verifyFilterByFlavor" time="10.283" classname="com.bees.tests.CoffeeAndTeaTest"/>
  <testcase name="searchInvalidProduct" time="1.867" classname="com.bees.tests.CoffeeAndTeaTest"/>
  <testcase name="verifySearchMug" time="6.63" classname="com.bees.tests.CoffeeAndTeaTest"/>
  <testcase name="verifyViewedProducts" time="21.619" classname="com.bees.tests.CoffeeAndTeaTest"/>
  <testcase name="VerifySelectPriceRange" time="10.22" classname="com.bees.tests.CoffeeAndTeaTest"/>
</testsuite> <!-- Default test -->
