<?xml version="1.0" encoding="UTF-8"?>
<!-- Generated by org.testng.reporters.JUnitXMLReporter -->
<testsuite hostname="LAPTOP-COQHVDGR" ignored="6" name="Test" tests="4" failures="2" timestamp="28 May 2021 06:28:33 GMT" time="57.52" errors="0">
  <testcase name="@AfterMethod tearDown" time="0.005" classname="com.bees.testBase.TestBase">
    <failure type="java.lang.NullPointerException">
      <![CDATA[java.lang.NullPointerException
at com.bees.testBase.TestBase.tearDown(TestBase.java:113)
... Removed 28 stack frames]]>
    </failure>
  </testcase> <!-- @AfterMethod tearDown -->
  <testcase name="@AfterMethod tearDown" time="0.0" classname="com.bees.testBase.TestBase">
    <failure type="java.lang.NullPointerException">
      <![CDATA[java.lang.NullPointerException
at com.bees.testBase.TestBase.tearDown(TestBase.java:113)
... Removed 28 stack frames]]>
    </failure>
  </testcase> <!-- @AfterMethod tearDown -->
  <testcase name="@BeforeMethod OpenBrowser" time="18.904" classname="com.bees.tests.TinCupTest">
    <failure type="org.openqa.selenium.TimeoutException" message="timeout: Timed out receiving message from renderer: 5.000
  (Session info: chrome=91.0.4472.77)
Build info: version: &amp;apos;3.141.59&amp;apos;, revision: &amp;apos;e82be7d358&amp;apos;, time: &amp;apos;2018-11-14T08:17:03&amp;apos;
System info: host: &amp;apos;LAPTOP-COQHVDGR&amp;apos;, ip: &amp;apos;192.168.43.48&amp;apos;, os.name: &amp;apos;Windows 10&amp;apos;, os.arch: &amp;apos;amd64&amp;apos;, os.version: &amp;apos;10.0&amp;apos;, java.version: &amp;apos;1.8.0_144&amp;apos;
Driver info: org.openqa.selenium.chrome.ChromeDriver
Capabilities {acceptInsecureCerts: false, browserName: chrome, browserVersion: 91.0.4472.77, chrome: {chromedriverVersion: 90.0.4430.24 (4c6d850f087da..., userDataDir: C:\Users\AKSHAY~1\AppData\L...}, goog:chromeOptions: {debuggerAddress: localhost:63002}, javascriptEnabled: true, networkConnectionEnabled: false, pageLoadStrategy: normal, platform: WINDOWS, platformName: WINDOWS, proxy: Proxy(), setWindowRect: true, strictFileInteractability: false, timeouts: {implicit: 0, pageLoad: 300000, script: 30000}, unhandledPromptBehavior: dismiss and notify, webauthn:extension:largeBlob: true, webauthn:virtualAuthenticators: true}
Session ID: 99a1b884dffec980bb79270aa57d6ce6">
      <![CDATA[org.openqa.selenium.TimeoutException: timeout: Timed out receiving message from renderer: 5.000
  (Session info: chrome=91.0.4472.77)
Build info: version: '3.141.59', revision: 'e82be7d358', time: '2018-11-14T08:17:03'
System info: host: 'LAPTOP-COQHVDGR', ip: '192.168.43.48', os.name: 'Windows 10', os.arch: 'amd64', os.version: '10.0', java.version: '1.8.0_144'
Driver info: org.openqa.selenium.chrome.ChromeDriver
Capabilities {acceptInsecureCerts: false, browserName: chrome, browserVersion: 91.0.4472.77, chrome: {chromedriverVersion: 90.0.4430.24 (4c6d850f087da..., userDataDir: C:\Users\AKSHAY~1\AppData\L...}, goog:chromeOptions: {debuggerAddress: localhost:63002}, javascriptEnabled: true, networkConnectionEnabled: false, pageLoadStrategy: normal, platform: WINDOWS, platformName: WINDOWS, proxy: Proxy(), setWindowRect: true, strictFileInteractability: false, timeouts: {implicit: 0, pageLoad: 300000, script: 30000}, unhandledPromptBehavior: dismiss and notify, webauthn:extension:largeBlob: true, webauthn:virtualAuthenticators: true}
Session ID: 99a1b884dffec980bb79270aa57d6ce6
at org.openqa.selenium.remote.http.W3CHttpResponseCodec.createException(W3CHttpResponseCodec.java:187)
at org.openqa.selenium.remote.http.W3CHttpResponseCodec.decode(W3CHttpResponseCodec.java:122)
at org.openqa.selenium.remote.http.W3CHttpResponseCodec.decode(W3CHttpResponseCodec.java:49)
at org.openqa.selenium.remote.HttpCommandExecutor.execute(HttpCommandExecutor.java:158)
at org.openqa.selenium.remote.service.DriverCommandExecutor.execute(DriverCommandExecutor.java:83)
at org.openqa.selenium.remote.RemoteWebDriver.execute(RemoteWebDriver.java:552)
at org.openqa.selenium.remote.RemoteWebElement.execute(RemoteWebElement.java:285)
at org.openqa.selenium.remote.RemoteWebElement.click(RemoteWebElement.java:84)
at org.openqa.selenium.support.pagefactory.internal.LocatingElementHandler.invoke(LocatingElementHandler.java:51)
at com.sun.proxy.$Proxy11.click(Unknown Source)
at com.bees.utilities.Utility.click(Utility.java:46)
at com.bees.pages.MyAccountPage.navigateToCoffeeAndTeaPg(MyAccountPage.java:53)
at com.bees.tests.TinCupTest.OpenBrowser(TinCupTest.java:22)
... Removed 36 stack frames]]>
    </failure>
  </testcase> <!-- @BeforeMethod OpenBrowser -->
  <testcase name="@AfterMethod CloseBrowser" time="0.0" classname="com.bees.tests.TinCupTest">
    <skipped/>
  </testcase> <!-- @AfterMethod CloseBrowser -->
  <testcase name="@AfterMethod tearDown" time="0.0" classname="com.bees.testBase.TestBase">
    <skipped/>
  </testcase> <!-- @AfterMethod tearDown -->
  <testcase name="verifyoptions" time="1.057" classname="com.bees.tests.MyAccountTest"/>
  <testcase name="verifySortProductByPrices" time="0.0" classname="com.bees.tests.CoffeeAndTeaTest">
    <failure type="java.lang.NullPointerException">
      <![CDATA[java.lang.NullPointerException
at com.bees.tests.CoffeeAndTeaTest.verifySortProductByPrices(CoffeeAndTeaTest.java:35)
... Removed 25 stack frames]]>
    </failure>
  </testcase> <!-- verifySortProductByPrices -->
  <testcase name="verifyValidLogin" time="0.0" classname="com.bees.tests.LoginTest">
    <failure type="java.lang.NullPointerException">
      <![CDATA[java.lang.NullPointerException
at com.bees.tests.LoginTest.verifyValidLogin(LoginTest.java:31)
... Removed 25 stack frames]]>
    </failure>
  </testcase> <!-- verifyValidLogin -->
  <testcase name="verifyColourOfProducts" time="0.0" classname="com.bees.tests.TinCupTest">
    <skipped/>
  </testcase> <!-- verifyColourOfProducts -->
  <testcase name="@AfterSuite endReport" time="0.0" classname="com.bees.testBase.TestBase">
    <ignored/>
  </testcase> <!-- @AfterSuite endReport -->
  <testcase name="@AfterSuite endReport" time="0.0" classname="com.bees.testBase.TestBase">
    <ignored/>
  </testcase> <!-- @AfterSuite endReport -->
  <testcase name="@AfterSuite endReport" time="0.0" classname="com.bees.testBase.TestBase">
    <ignored/>
  </testcase> <!-- @AfterSuite endReport -->
  <testcase name="@BeforeSuite setExtent" time="0.0" classname="com.bees.testBase.TestBase">
    <ignored/>
  </testcase> <!-- @BeforeSuite setExtent -->
  <testcase name="@BeforeSuite setExtent" time="0.0" classname="com.bees.testBase.TestBase">
    <ignored/>
  </testcase> <!-- @BeforeSuite setExtent -->
  <testcase name="@BeforeSuite setExtent" time="0.0" classname="com.bees.testBase.TestBase">
    <ignored/>
  </testcase> <!-- @BeforeSuite setExtent -->
</testsuite> <!-- Test -->
