<?xml version="1.0" encoding="UTF-8"?>
<testng-results skipped="0" failed="0" ignored="0" total="3" passed="3">
  <reporter-output>
  </reporter-output>
  <suite name="Default suite" duration-ms="100050" started-at="2021-06-14T06:33:12Z" finished-at="2021-06-14T06:34:52Z">
    <groups>
    </groups>
    <test name="Default test" duration-ms="100050" started-at="2021-06-14T06:33:12Z" finished-at="2021-06-14T06:34:52Z">
      <class name="com.bees.tests.TinCupTest">
        <test-method status="PASS" signature="OpenBrowser()[pri:0, instance:com.bees.tests.TinCupTest@7791a895]" name="OpenBrowser" is-config="true" duration-ms="23198" started-at="2021-06-14T06:33:12Z" finished-at="2021-06-14T06:33:35Z">
          <reporter-output>
          </reporter-output>
        </test-method> <!-- OpenBrowser -->
        <test-method status="PASS" signature="verifyColourOfProducts()[pri:1, instance:com.bees.tests.TinCupTest@7791a895]" name="verifyColourOfProducts" duration-ms="10364" started-at="2021-06-14T06:33:35Z" finished-at="2021-06-14T06:33:46Z">
          <reporter-output>
          </reporter-output>
        </test-method> <!-- verifyColourOfProducts -->
        <test-method status="PASS" signature="CloseBrowser()[pri:0, instance:com.bees.tests.TinCupTest@7791a895]" name="CloseBrowser" is-config="true" duration-ms="150" started-at="2021-06-14T06:33:46Z" finished-at="2021-06-14T06:33:46Z">
          <reporter-output>
          </reporter-output>
        </test-method> <!-- CloseBrowser -->
        <test-method status="PASS" signature="OpenBrowser()[pri:0, instance:com.bees.tests.TinCupTest@7791a895]" name="OpenBrowser" is-config="true" duration-ms="19492" started-at="2021-06-14T06:33:46Z" finished-at="2021-06-14T06:34:05Z">
          <reporter-output>
          </reporter-output>
        </test-method> <!-- OpenBrowser -->
        <test-method status="PASS" signature="verifySelectingQuantityByInsertVal()[pri:2, instance:com.bees.tests.TinCupTest@7791a895]" name="verifySelectingQuantityByInsertVal" duration-ms="10508" started-at="2021-06-14T06:34:05Z" finished-at="2021-06-14T06:34:16Z">
          <reporter-output>
          </reporter-output>
        </test-method> <!-- verifySelectingQuantityByInsertVal -->
        <test-method status="PASS" signature="CloseBrowser()[pri:0, instance:com.bees.tests.TinCupTest@7791a895]" name="CloseBrowser" is-config="true" duration-ms="138" started-at="2021-06-14T06:34:16Z" finished-at="2021-06-14T06:34:16Z">
          <reporter-output>
          </reporter-output>
        </test-method> <!-- CloseBrowser -->
        <test-method status="PASS" signature="OpenBrowser()[pri:0, instance:com.bees.tests.TinCupTest@7791a895]" name="OpenBrowser" is-config="true" duration-ms="28941" started-at="2021-06-14T06:34:16Z" finished-at="2021-06-14T06:34:45Z">
          <reporter-output>
          </reporter-output>
        </test-method> <!-- OpenBrowser -->
        <test-method status="PASS" signature="verifySelectingQuantityByIncButton()[pri:3, instance:com.bees.tests.TinCupTest@7791a895]" name="verifySelectingQuantityByIncButton" duration-ms="7096" started-at="2021-06-14T06:34:45Z" finished-at="2021-06-14T06:34:52Z">
          <reporter-output>
          </reporter-output>
        </test-method> <!-- verifySelectingQuantityByIncButton -->
        <test-method status="PASS" signature="CloseBrowser()[pri:0, instance:com.bees.tests.TinCupTest@7791a895]" name="CloseBrowser" is-config="true" duration-ms="140" started-at="2021-06-14T06:34:52Z" finished-at="2021-06-14T06:34:52Z">
          <reporter-output>
          </reporter-output>
        </test-method> <!-- CloseBrowser -->
      </class> <!-- com.bees.tests.TinCupTest -->
    </test> <!-- Default test -->
  </suite> <!-- Default suite -->
</testng-results>
