<?xml version="1.0" encoding="UTF-8"?>
<testng-results skipped="0" failed="0" ignored="0" total="6" passed="6">
  <reporter-output>
  </reporter-output>
  <suite name="Default suite" duration-ms="154668" started-at="2021-06-09T15:18:57Z" finished-at="2021-06-09T15:21:32Z">
    <groups>
    </groups>
    <test name="Default test" duration-ms="154668" started-at="2021-06-09T15:18:57Z" finished-at="2021-06-09T15:21:32Z">
      <class name="com.bees.tests.CoffeeAndTeaTest">
        <test-method status="PASS" signature="OpenBrowser()[pri:0, instance:com.bees.tests.CoffeeAndTeaTest@7791a895]" name="OpenBrowser" is-config="true" duration-ms="22405" started-at="2021-06-09T15:18:57Z" finished-at="2021-06-09T15:19:19Z">
          <reporter-output>
          </reporter-output>
        </test-method> <!-- OpenBrowser -->
        <test-method status="PASS" signature="verifySortProductByPrices()[pri:1, instance:com.bees.tests.CoffeeAndTeaTest@7791a895]" name="verifySortProductByPrices" duration-ms="7256" started-at="2021-06-09T15:19:19Z" finished-at="2021-06-09T15:19:27Z">
          <reporter-output>
          </reporter-output>
        </test-method> <!-- verifySortProductByPrices -->
        <test-method status="PASS" signature="CloseBrowser()[pri:0, instance:com.bees.tests.CoffeeAndTeaTest@7791a895]" name="CloseBrowser" is-config="true" duration-ms="132" started-at="2021-06-09T15:19:27Z" finished-at="2021-06-09T15:19:27Z">
          <reporter-output>
          </reporter-output>
        </test-method> <!-- CloseBrowser -->
        <test-method status="PASS" signature="OpenBrowser()[pri:0, instance:com.bees.tests.CoffeeAndTeaTest@7791a895]" name="OpenBrowser" is-config="true" duration-ms="12774" started-at="2021-06-09T15:19:27Z" finished-at="2021-06-09T15:19:40Z">
          <reporter-output>
          </reporter-output>
        </test-method> <!-- OpenBrowser -->
        <test-method status="PASS" signature="verifyFilterByFlavor()[pri:2, instance:com.bees.tests.CoffeeAndTeaTest@7791a895]" name="verifyFilterByFlavor" duration-ms="10283" started-at="2021-06-09T15:19:40Z" finished-at="2021-06-09T15:19:50Z">
          <reporter-output>
          </reporter-output>
        </test-method> <!-- verifyFilterByFlavor -->
        <test-method status="PASS" signature="CloseBrowser()[pri:0, instance:com.bees.tests.CoffeeAndTeaTest@7791a895]" name="CloseBrowser" is-config="true" duration-ms="124" started-at="2021-06-09T15:19:50Z" finished-at="2021-06-09T15:19:50Z">
          <reporter-output>
          </reporter-output>
        </test-method> <!-- CloseBrowser -->
        <test-method status="PASS" signature="OpenBrowser()[pri:0, instance:com.bees.tests.CoffeeAndTeaTest@7791a895]" name="OpenBrowser" is-config="true" duration-ms="13974" started-at="2021-06-09T15:19:50Z" finished-at="2021-06-09T15:20:04Z">
          <reporter-output>
          </reporter-output>
        </test-method> <!-- OpenBrowser -->
        <test-method status="PASS" signature="searchInvalidProduct()[pri:3, instance:com.bees.tests.CoffeeAndTeaTest@7791a895]" name="searchInvalidProduct" duration-ms="1867" started-at="2021-06-09T15:20:04Z" finished-at="2021-06-09T15:20:06Z">
          <reporter-output>
          </reporter-output>
        </test-method> <!-- searchInvalidProduct -->
        <test-method status="PASS" signature="CloseBrowser()[pri:0, instance:com.bees.tests.CoffeeAndTeaTest@7791a895]" name="CloseBrowser" is-config="true" duration-ms="119" started-at="2021-06-09T15:20:06Z" finished-at="2021-06-09T15:20:06Z">
          <reporter-output>
          </reporter-output>
        </test-method> <!-- CloseBrowser -->
        <test-method status="PASS" signature="OpenBrowser()[pri:0, instance:com.bees.tests.CoffeeAndTeaTest@7791a895]" name="OpenBrowser" is-config="true" duration-ms="15097" started-at="2021-06-09T15:20:06Z" finished-at="2021-06-09T15:20:21Z">
          <reporter-output>
          </reporter-output>
        </test-method> <!-- OpenBrowser -->
        <test-method status="PASS" signature="verifySearchMug()[pri:4, instance:com.bees.tests.CoffeeAndTeaTest@7791a895]" name="verifySearchMug" duration-ms="6630" started-at="2021-06-09T15:20:21Z" finished-at="2021-06-09T15:20:28Z">
          <reporter-output>
          </reporter-output>
        </test-method> <!-- verifySearchMug -->
        <test-method status="PASS" signature="CloseBrowser()[pri:0, instance:com.bees.tests.CoffeeAndTeaTest@7791a895]" name="CloseBrowser" is-config="true" duration-ms="137" started-at="2021-06-09T15:20:28Z" finished-at="2021-06-09T15:20:28Z">
          <reporter-output>
          </reporter-output>
        </test-method> <!-- CloseBrowser -->
        <test-method status="PASS" signature="OpenBrowser()[pri:0, instance:com.bees.tests.CoffeeAndTeaTest@7791a895]" name="OpenBrowser" is-config="true" duration-ms="11215" started-at="2021-06-09T15:20:28Z" finished-at="2021-06-09T15:20:39Z">
          <reporter-output>
          </reporter-output>
        </test-method> <!-- OpenBrowser -->
        <test-method status="PASS" signature="verifyViewedProducts()[pri:5, instance:com.bees.tests.CoffeeAndTeaTest@7791a895]" name="verifyViewedProducts" duration-ms="21619" started-at="2021-06-09T15:20:39Z" finished-at="2021-06-09T15:21:01Z">
          <reporter-output>
          </reporter-output>
        </test-method> <!-- verifyViewedProducts -->
        <test-method status="PASS" signature="CloseBrowser()[pri:0, instance:com.bees.tests.CoffeeAndTeaTest@7791a895]" name="CloseBrowser" is-config="true" duration-ms="4138" started-at="2021-06-09T15:21:01Z" finished-at="2021-06-09T15:21:05Z">
          <reporter-output>
          </reporter-output>
        </test-method> <!-- CloseBrowser -->
        <test-method status="PASS" signature="OpenBrowser()[pri:0, instance:com.bees.tests.CoffeeAndTeaTest@7791a895]" name="OpenBrowser" is-config="true" duration-ms="16535" started-at="2021-06-09T15:21:05Z" finished-at="2021-06-09T15:21:21Z">
          <reporter-output>
          </reporter-output>
        </test-method> <!-- OpenBrowser -->
        <test-method status="PASS" signature="VerifySelectPriceRange()[pri:6, instance:com.bees.tests.CoffeeAndTeaTest@7791a895]" name="VerifySelectPriceRange" duration-ms="10220" started-at="2021-06-09T15:21:21Z" finished-at="2021-06-09T15:21:32Z">
          <reporter-output>
          </reporter-output>
        </test-method> <!-- VerifySelectPriceRange -->
        <test-method status="PASS" signature="CloseBrowser()[pri:0, instance:com.bees.tests.CoffeeAndTeaTest@7791a895]" name="CloseBrowser" is-config="true" duration-ms="114" started-at="2021-06-09T15:21:32Z" finished-at="2021-06-09T15:21:32Z">
          <reporter-output>
          </reporter-output>
        </test-method> <!-- CloseBrowser -->
      </class> <!-- com.bees.tests.CoffeeAndTeaTest -->
    </test> <!-- Default test -->
  </suite> <!-- Default suite -->
</testng-results>
